<?xml version="1.0" encoding="UTF-8"?>
<testsuite xmlns:xsi="http://www.w3.org/2001/XMLSchema-instance" xsi:noNamespaceSchemaLocation="https://maven.apache.org/surefire/maven-surefire-plugin/xsd/surefire-test-report-3.0.xsd" version="3.0" name="TestSuite" time="0.869" tests="2" errors="0" skipped="0" failures="0">
  <properties>
    <property name="java.specification.version" value="17"/>
    <property name="sun.cpu.isalist" value="amd64"/>
    <property name="sun.jnu.encoding" value="Cp1252"/>
    <property name="java.class.path" value="C:\Users\MARIANA\Desktop\Pasantía\Challenges\framework-challenge\target\test-classes;C:\Users\MARIANA\Desktop\Pasantía\Challenges\framework-challenge\target\classes;C:\Users\MARIANA\.m2\repository\org\testng\testng\7.7.1\testng-7.7.1.jar;C:\Users\MARIANA\.m2\repository\org\slf4j\slf4j-api\1.7.36\slf4j-api-1.7.36.jar;C:\Users\MARIANA\.m2\repository\com\beust\jcommander\1.82\jcommander-1.82.jar;C:\Users\MARIANA\.m2\repository\org\webjars\jquery\3.6.1\jquery-3.6.1.jar;C:\Users\MARIANA\.m2\repository\org\apache\logging\log4j\log4j-core\2.20.0\log4j-core-2.20.0.jar;C:\Users\MARIANA\.m2\repository\org\apache\logging\log4j\log4j-api\2.20.0\log4j-api-2.20.0.jar;"/>
    <property name="java.vm.vendor" value="Oracle Corporation"/>
    <property name="sun.arch.data.model" value="64"/>
    <property name="user.variant" value=""/>
    <property name="java.vendor.url" value="https://java.oracle.com/"/>
    <property name="user.timezone" value="America/Bogota"/>
    <property name="os.name" value="Windows 10"/>
    <property name="java.vm.specification.version" value="17"/>
    <property name="sun.java.launcher" value="SUN_STANDARD"/>
    <property name="user.country" value="ES"/>
    <property name="sun.boot.library.path" value="C:\Program Files\Java\jdk-17\bin"/>
    <property name="sun.java.command" value="C:\Users\MARIANA\AppData\Local\Temp\surefire2641150644518665113\surefirebooter-20230223103735688_3.jar C:\Users\MARIANA\AppData\Local\Temp\surefire2641150644518665113 2023-02-23T10-37-35_164-jvmRun1 surefire-20230223103735688_1tmp surefire_0-20230223103735688_2tmp"/>
    <property name="jdk.debug" value="release"/>
    <property name="surefire.test.class.path" value="C:\Users\MARIANA\Desktop\Pasantía\Challenges\framework-challenge\target\test-classes;C:\Users\MARIANA\Desktop\Pasantía\Challenges\framework-challenge\target\classes;C:\Users\MARIANA\.m2\repository\org\testng\testng\7.7.1\testng-7.7.1.jar;C:\Users\MARIANA\.m2\repository\org\slf4j\slf4j-api\1.7.36\slf4j-api-1.7.36.jar;C:\Users\MARIANA\.m2\repository\com\beust\jcommander\1.82\jcommander-1.82.jar;C:\Users\MARIANA\.m2\repository\org\webjars\jquery\3.6.1\jquery-3.6.1.jar;C:\Users\MARIANA\.m2\repository\org\apache\logging\log4j\log4j-core\2.20.0\log4j-core-2.20.0.jar;C:\Users\MARIANA\.m2\repository\org\apache\logging\log4j\log4j-api\2.20.0\log4j-api-2.20.0.jar;"/>
    <property name="sun.cpu.endian" value="little"/>
    <property name="user.home" value="C:\Users\MARIANA"/>
    <property name="user.language" value="es"/>
    <property name="java.specification.vendor" value="Oracle Corporation"/>
    <property name="java.version.date" value="2023-01-17"/>
    <property name="java.home" value="C:\Program Files\Java\jdk-17"/>
    <property name="file.separator" value="\"/>
    <property name="basedir" value="C:\Users\MARIANA\Desktop\Pasantía\Challenges\framework-challenge"/>
    <property name="java.vm.compressedOopsMode" value="32-bit"/>
    <property name="line.separator" value="&#10;"/>
    <property name="java.vm.specification.vendor" value="Oracle Corporation"/>
    <property name="java.specification.name" value="Java Platform API Specification"/>
    <property name="surefire.real.class.path" value="C:\Users\MARIANA\AppData\Local\Temp\surefire2641150644518665113\surefirebooter-20230223103735688_3.jar"/>
    <property name="user.script" value=""/>
    <property name="sun.management.compiler" value="HotSpot 64-Bit Tiered Compilers"/>
    <property name="java.runtime.version" value="17.0.6+9-LTS-190"/>
    <property name="user.name" value="MARIANA"/>
    <property name="path.separator" value=";"/>
    <property name="os.version" value="10.0"/>
    <property name="java.runtime.name" value="Java(TM) SE Runtime Environment"/>
    <property name="file.encoding" value="Cp1252"/>
    <property name="java.vm.name" value="Java HotSpot(TM) 64-Bit Server VM"/>
    <property name="localRepository" value="C:\Users\MARIANA\.m2\repository"/>
    <property name="java.vendor.url.bug" value="https://bugreport.java.com/bugreport/"/>
    <property name="java.io.tmpdir" value="C:\Users\MARIANA\AppData\Local\Temp\"/>
    <property name="java.version" value="17.0.6"/>
    <property name="user.dir" value="C:\Users\MARIANA\Desktop\Pasantía\Challenges\framework-challenge"/>
    <property name="os.arch" value="amd64"/>
    <property name="java.vm.specification.name" value="Java Virtual Machine Specification"/>
    <property name="sun.os.patch.level" value=""/>
    <property name="native.encoding" value="Cp1252"/>
    <property name="java.library.path" value="C:\Program Files\Java\jdk-17\bin;C:\Windows\Sun\Java\bin;C:\Windows\system32;C:\Windows;C:\Program Files\Common Files\Oracle\Java\javapath;C:\Python310\Scripts\;C:\Python310\;C:\Windows\system32;C:\Windows;C:\Windows\System32\Wbem;C:\Windows\System32\WindowsPowerShell\v1.0\;C:\Windows\System32\OpenSSH\;C:\Program Files (x86)\Wolfram Research\WolframScript\;C:\Program Files\nodejs\;C:\ProgramData\chocolatey\bin;C:\Program Files\MATLAB\R2022a\bin;C:\Program Files\Git\cmd;C:\Users\MARIANA\AppData\Local\Microsoft\WindowsApps;C:\Users\MARIANA\AppData\Roaming\npm;C:\Users\MARIANA\AppData\Local\Programs\Microsoft VS Code\bin;C:\Program Files\apache-maven-3.8.7\bin;C:\Users\MARIANA\AppData\Local\GitHubDesktop\bin;a05d63ea9094a366bb72d2de95a55581;;."/>
    <property name="java.vm.info" value="mixed mode, sharing"/>
    <property name="java.vendor" value="Oracle Corporation"/>
    <property name="java.vm.version" value="17.0.6+9-LTS-190"/>
    <property name="sun.io.unicode.encoding" value="UnicodeLittle"/>
    <property name="java.class.version" value="61.0"/>
  </properties>
  <testcase name="GET_successful_create_guest_session" classname="tests.Runner2" time="0.059">
    <system-err><![CDATA[SLF4J: Failed to load class "org.slf4j.impl.StaticLoggerBinder".
SLF4J: Defaulting to no-operation (NOP) logger implementation
SLF4J: See http://www.slf4j.org/codes.html#StaticLoggerBinder for further details.
feb 23, 2023 10:37:36 A. M. endpoints.Authentication addURL
INFO: https://api.themoviedb.org/3 was added
feb 23, 2023 10:37:36 A. M. endpoints.Authentication createGuestSession
INFO: /authentication/guest_session/new was added to the URL
feb 23, 2023 10:37:36 A. M. tests.Runner2 GET_successful_create_guest_session
INFO: a05d63ea9094a366bb72d2de95a55581
feb 23, 2023 10:37:36 A. M. endpoints.Authentication typeKey
INFO: ?api_key=<my_key> was added to the url
feb 23, 2023 10:37:36 A. M. endpoints.Authentication sendRequest
INFO: The request was sent to TMDB
feb 23, 2023 10:37:36 A. M. endpoints.Authentication getStatusCode
INFO: The answer was received
feb 23, 2023 10:37:36 A. M. endpoints.Authentication getPayloadJsonFirstLine
INFO: The answer was received
]]></system-err>
  </testcase>
  <testcase name="GET_successful_token_request" classname="tests.Runner2" time="0.021">
    <system-err><![CDATA[feb 23, 2023 10:37:36 A. M. endpoints.Authentication addURL
INFO: https://api.themoviedb.org/3 was added
feb 23, 2023 10:37:36 A. M. endpoints.Authentication createRequestToken
INFO: /authentication/token/new was added to the URL
feb 23, 2023 10:37:36 A. M. tests.Runner2 GET_successful_token_request
INFO: a05d63ea9094a366bb72d2de95a55581
feb 23, 2023 10:37:36 A. M. endpoints.Authentication typeKey
INFO: ?api_key=<my_key> was added to the url
feb 23, 2023 10:37:36 A. M. endpoints.Authentication sendRequest
INFO: The request was sent to TMDB
feb 23, 2023 10:37:36 A. M. endpoints.Authentication getStatusCode
INFO: The answer was received
feb 23, 2023 10:37:36 A. M. endpoints.Authentication getPayloadJsonFirstLine
INFO: The answer was received
]]></system-err>
  </testcase>
</testsuite>