<?xml version="1.0" encoding="UTF-8"?>
<!-- Generated by org.testng.reporters.JUnitReportReporter -->
<testsuite hostname="DESKTOP-G3L0C0N" failures="0" tests="2" name="tests.Runner2" time="0.063" errors="0" timestamp="2023-02-23T10:37:37 COT" skipped="0">
  <testcase classname="tests.Runner2" name="GET_successful_create_guest_session" time="0.044"/>
  <system-out/>
  <testcase classname="tests.Runner2" name="GET_successful_token_request" time="0.019"/>
  <system-out/>
</testsuite> <!-- tests.Runner2 -->
